<?xml version="1.0" encoding="UTF-8"?>
<coverage generated="1775817358086" clover="3.2.0">
  <project timestamp="1775817358086" name="All files">
    <metrics statements="3" coveredstatements="2" conditionals="0" coveredconditionals="0" methods="3" coveredmethods="1" elements="6" coveredelements="3" complexity="0" loc="3" ncloc="3" packages="2" files="5" classes="5"/>
    <package name="src">
      <metrics statements="3" coveredstatements="2" conditionals="0" coveredconditionals="0" methods="3" coveredmethods="1"/>
      <file name="App.css" path="C:\Users\Connetin\ci-cd-project\my-react-app\src\App.css">
        <metrics statements="0" coveredstatements="0" conditionals="0" coveredconditionals="0" methods="0" coveredmethods="0"/>
      </file>
      <file name="App.tsx" path="C:\Users\Connetin\ci-cd-project\my-react-app\src\App.tsx">
        <metrics statements="3" coveredstatements="2" conditionals="0" coveredconditionals="0" methods="3" coveredmethods="1"/>
        <line num="8" count="1" type="stmt"/>
        <line num="10" count="1" type="stmt"/>
        <line num="26" count="0" type="stmt"/>
      </file>
    </package>
    <package name="src.assets">
      <metrics statements="0" coveredstatements="0" conditionals="0" coveredconditionals="0" methods="0" coveredmethods="0"/>
      <file name="hero.png" path="C:\Users\Connetin\ci-cd-project\my-react-app\src\assets\hero.png">
        <metrics statements="0" coveredstatements="0" conditionals="0" coveredconditionals="0" methods="0" coveredmethods="0"/>
      </file>
      <file name="react.svg" path="C:\Users\Connetin\ci-cd-project\my-react-app\src\assets\react.svg">
        <metrics statements="0" coveredstatements="0" conditionals="0" coveredconditionals="0" methods="0" coveredmethods="0"/>
      </file>
      <file name="vite.svg" path="C:\Users\Connetin\ci-cd-project\my-react-app\src\assets\vite.svg">
        <metrics statements="0" coveredstatements="0" conditionals="0" coveredconditionals="0" methods="0" coveredmethods="0"/>
      </file>
    </package>
  </project>
</coverage>
