{"C:\\Users\\Connetin\\ci-cd-project\\my-react-app\\src\\App.css": {"path":"C:\\Users\\Connetin\\ci-cd-project\\my-react-app\\src\\App.css","statementMap":{},"fnMap":{},"branchMap":{},"s":{},"f":{},"b":{},"meta":{"lastBranch":0,"lastFunction":0,"lastStatement":0,"seen":{}}}
,"C:\\Users\\Connetin\\ci-cd-project\\my-react-app\\src\\App.tsx": {"path":"C:\\Users\\Connetin\\ci-cd-project\\my-react-app\\src\\App.tsx","statementMap":{"0":{"start":{"line":8,"column":16},"end":{"line":8,"column":39}},"1":{"start":{"line":10,"column":2},"end":{"line":117,"column":null}},"2":{"start":{"line":26,"column":25},"end":{"line":26,"column":55}},"3":{"start":{"line":26,"column":45},"end":{"line":26,"column":55}}},"fnMap":{"0":{"name":"App","decl":{"start":{"line":7,"column":9},"end":{"line":7,"column":15}},"loc":{"start":{"line":7,"column":15},"end":{"line":117,"column":null}},"line":7},"1":{"name":"(anonymous_1)","decl":{"start":{"line":26,"column":10},"end":{"line":26,"column":25}},"loc":{"start":{"line":26,"column":25},"end":{"line":26,"column":55}},"line":26},"2":{"name":"(anonymous_2)","decl":{"start":{"line":26,"column":25},"end":{"line":26,"column":35}},"loc":{"start":{"line":26,"column":45},"end":{"line":26,"column":55}},"line":26}},"branchMap":{},"s":{"0":1,"1":1,"2":0,"3":0},"f":{"0":1,"1":0,"2":0},"b":{},"meta":{"lastBranch":0,"lastFunction":3,"lastStatement":4,"seen":{"f:7:9:7:15":0,"s:8:16:8:39":0,"s:10:2:117:Infinity":1,"f:26:10:26:25":1,"s:26:25:26:55":2,"f:26:25:26:35":2,"s:26:45:26:55":3}}}
,"C:\\Users\\Connetin\\ci-cd-project\\my-react-app\\src\\assets\\hero.png": {"path":"C:\\Users\\Connetin\\ci-cd-project\\my-react-app\\src\\assets\\hero.png","statementMap":{},"fnMap":{},"branchMap":{},"s":{},"f":{},"b":{},"meta":{"lastBranch":0,"lastFunction":0,"lastStatement":0,"seen":{}}}
,"C:\\Users\\Connetin\\ci-cd-project\\my-react-app\\src\\assets\\react.svg": {"path":"C:\\Users\\Connetin\\ci-cd-project\\my-react-app\\src\\assets\\react.svg","statementMap":{},"fnMap":{},"branchMap":{},"s":{},"f":{},"b":{},"meta":{"lastBranch":0,"lastFunction":0,"lastStatement":0,"seen":{}}}
,"C:\\Users\\Connetin\\ci-cd-project\\my-react-app\\src\\assets\\vite.svg": {"path":"C:\\Users\\Connetin\\ci-cd-project\\my-react-app\\src\\assets\\vite.svg","statementMap":{},"fnMap":{},"branchMap":{},"s":{},"f":{},"b":{},"meta":{"lastBranch":0,"lastFunction":0,"lastStatement":0,"seen":{}}}
}
